<!DOCTYPE html PUBLIC "-//W3C//DTD XHTML 1.1//EN" "https://www.w3.org/TR/xhtml11/DTD/xhtml11.dtd">
<html xmlns="https://www.w3.org/1999/xhtml">
<head>
<meta http-equiv="content-type" content="text/html; charset=UTF-8"/>
<title>TestNG Report</title>
<style type="text/css">table {margin-bottom:10px;border-collapse:collapse;empty-cells:show}th,td {border:1px solid #009;padding:.25em .5em}th {vertical-align:bottom}td {vertical-align:top}table a {font-weight:bold}.stripe td {background-color: #E6EBF9}.num {text-align:right}.passedodd td {background-color: #3F3}.passedeven td {background-color: #0A0}.skippedodd td {background-color: #DDD}.skippedeven td {background-color: #CCC}.failedodd td,.attn {background-color: #F33}.failedeven td,.stripe .attn {background-color: #D00}.stacktrace {white-space:pre;font-family:monospace}.totop {font-size:85%;text-align:center;border-bottom:2px solid #000}.invisible {display:none}</style>
</head>
<body>
<table>
<tr><th>Test</th><th># Passed</th><th># Skipped</th><th># Retried</th><th># Failed</th><th>Time (ms)</th><th>Included Groups</th><th>Excluded Groups</th></tr>
<tr><th colspan="8">Suite</th></tr>
<tr><td><a href="#t0">Regression</a></td><td class="num">1</td><td class="num attn">1</td><td class="num">0</td><td class="num attn">1</td><td class="num">102</td><td></td><td></td></tr>
<tr class="stripe"><td><a href="#t1">Sanity</a></td><td class="num">1</td><td class="num attn">1</td><td class="num">0</td><td class="num attn">1</td><td class="num">28</td><td></td><td></td></tr>
<tr><th>Total</th><th class="num">2</th><th class="num attn">2</th><th class="num">0</th><th class="num attn">2</th><th class="num">130</th><th colspan="2"></th></tr>
</table>
<table id='summary'><thead><tr><th>Class</th><th>Method</th><th>Start</th><th>Time (ms)</th></tr></thead><tbody><tr><th colspan="4">Suite</th></tr></tbody><tbody id="t0"><tr><th colspan="4">Regression &#8212; failed</th></tr><tr class="failedeven"><td rowspan="1">SeleniumTestNGDemo.Learning.SampleTest</td><td><a href="#m0">add</a></td><td rowspan="1">1757958704117</td><td rowspan="1">10</td></tr><tr><th colspan="4">Regression &#8212; skipped</th></tr><tr class="skippedeven"><td rowspan="1">SeleniumTestNGDemo.Learning.SampleTest</td><td><a href="#m1">sub</a></td><td rowspan="1">1757958704138</td><td rowspan="1">0</td></tr><tr><th colspan="4">Regression &#8212; passed</th></tr><tr class="passedeven"><td rowspan="1">SeleniumTestNGDemo.Learning.SampleTest</td><td><a href="#m2">mul</a></td><td rowspan="1">1757958704098</td><td rowspan="1">11</td></tr></tbody>
<tbody id="t1"><tr><th colspan="4">Sanity &#8212; failed</th></tr><tr class="failedeven"><td rowspan="1">SeleniumTestNGDemo.Learning.SampleTest2</td><td><a href="#m3">add</a></td><td rowspan="1">1757958704283</td><td rowspan="1">3</td></tr><tr><th colspan="4">Sanity &#8212; skipped</th></tr><tr class="skippedeven"><td rowspan="1">SeleniumTestNGDemo.Learning.SampleTest2</td><td><a href="#m4">sub</a></td><td rowspan="1">1757958704289</td><td rowspan="1">1</td></tr><tr><th colspan="4">Sanity &#8212; passed</th></tr><tr class="passedeven"><td rowspan="1">SeleniumTestNGDemo.Learning.SampleTest2</td><td><a href="#m5">mul</a></td><td rowspan="1">1757958704275</td><td rowspan="1">1</td></tr></tbody>
</table>
<h2>Regression</h2><h3 id="m0">SeleniumTestNGDemo.Learning.SampleTest#add</h3><table class="result"><tr><th>Exception</th></tr><tr><td><div class="stacktrace">java.lang.AssertionError: expected [30] but found [20]
	at SeleniumTestNGDemo.Learning.SampleTest.add(SampleTest.java:22)
	at java.base/java.util.ArrayList.forEach(ArrayList.java:1596)
... Removed 32 stack frames</div></td></tr></table><p class="totop"><a href="#summary">back to summary</a></p>
<h3 id="m1">SeleniumTestNGDemo.Learning.SampleTest#sub</h3><table class="result"><tr><th>Exception</th></tr><tr><td><div class="stacktrace">java.lang.Throwable: Method SeleniumTestNGDemo.Learning.SampleTest.sub() on instance SeleniumTestNGDemo.Learning.SampleTest@6c6cb480 depends on not successfully finished methods 
[SeleniumTestNGDemo.Learning.SampleTest.add() on instance SeleniumTestNGDemo.Learning.SampleTest@6c6cb480]
	at java.base/java.util.ArrayList.forEach(ArrayList.java:1596)
... Removed 18 stack frames</div></td></tr></table><p class="totop"><a href="#summary">back to summary</a></p>
<h3 id="m2">SeleniumTestNGDemo.Learning.SampleTest#mul</h3><table class="result"><tr><th class="invisible"/></tr></table><p class="totop"><a href="#summary">back to summary</a></p>
<h2>Sanity</h2><h3 id="m3">SeleniumTestNGDemo.Learning.SampleTest2#add</h3><table class="result"><tr><th>Exception</th></tr><tr><td><div class="stacktrace">java.lang.AssertionError: expected [30] but found [20]
	at SeleniumTestNGDemo.Learning.SampleTest2.add(SampleTest2.java:22)
	at java.base/java.util.ArrayList.forEach(ArrayList.java:1596)
... Removed 32 stack frames</div></td></tr></table><p class="totop"><a href="#summary">back to summary</a></p>
<h3 id="m4">SeleniumTestNGDemo.Learning.SampleTest2#sub</h3><table class="result"><tr><th>Exception</th></tr><tr><td><div class="stacktrace">java.lang.Throwable: Method SeleniumTestNGDemo.Learning.SampleTest2.sub() on instance SeleniumTestNGDemo.Learning.SampleTest2@65e98b1c depends on not successfully finished methods 
[SeleniumTestNGDemo.Learning.SampleTest2.add() on instance SeleniumTestNGDemo.Learning.SampleTest2@65e98b1c]
	at java.base/java.util.ArrayList.forEach(ArrayList.java:1596)
... Removed 18 stack frames</div></td></tr></table><p class="totop"><a href="#summary">back to summary</a></p>
<h3 id="m5">SeleniumTestNGDemo.Learning.SampleTest2#mul</h3><table class="result"><tr><th class="invisible"/></tr></table><p class="totop"><a href="#summary">back to summary</a></p>
</body>
</html>
