<?xml version="1.0" encoding="UTF-8"?>
<!-- Generated by org.testng.reporters.JUnitXMLReporter -->
<testsuite ignored="0" hostname="DESKTOP-3LRF95S" failures="1" tests="3" name="Regression" time="0.102" errors="0" timestamp="2025-09-15T23:21:44 IST">
  <testcase classname="SeleniumTestNGDemo.Learning.SampleTest" name="mul" time="0.011"/>
  <testcase classname="SeleniumTestNGDemo.Learning.SampleTest" name="add" time="0.01">
    <failure type="java.lang.AssertionError" message="expected [30] but found [20]">
      <![CDATA[java.lang.AssertionError: expected [30] but found [20]
at SeleniumTestNGDemo.Learning.SampleTest.add(SampleTest.java:22)
at java.base/java.util.ArrayList.forEach(ArrayList.java:1596)
... Removed 32 stack frames]]>
    </failure>
  </testcase> <!-- add -->
  <testcase classname="SeleniumTestNGDemo.Learning.SampleTest" name="sub" time="0.0">
    <skipped/>
  </testcase> <!-- sub -->
</testsuite> <!-- Regression -->
